<?xml version="1.0" encoding="UTF-8"?>
<!-- Generated by org.testng.reporters.JUnitReportReporter -->
<testsuite hostname="Anand" failures="0" tests="2" name="testCases.TC003_CarDetails" time="11.766" errors="0" timestamp="2024-02-25T12:25:07 IST" skipped="0">
  <testcase classname="testCases.TC003_CarDetails" name="testCarDetails" time="10.810"/>
  <system-out/>
  <testcase classname="testCases.TC003_CarDetails" name="testWriteCarDetails" time="0.956"/>
  <system-out/>
</testsuite> <!-- testCases.TC003_CarDetails -->
