<?xml version="1.0" encoding="UTF-8"?>
<!-- Generated by org.testng.reporters.JUnitReportReporter -->
<testsuite hostname="Anand" failures="0" tests="2" name="testCases.TC003_CarDetails" time="4.720" errors="0" timestamp="2024-02-25T15:04:34 IST" skipped="0">
  <testcase classname="testCases.TC003_CarDetails" name="testCarDetails" time="3.789"/>
  <system-out/>
  <testcase classname="testCases.TC003_CarDetails" name="testWriteCarDetails" time="0.931"/>
  <system-out/>
</testsuite> <!-- testCases.TC003_CarDetails -->
