<?xml version="1.0" encoding="UTF-8"?>
<!-- Generated by org.testng.reporters.JUnitReportReporter -->
<testsuite hostname="Anand" failures="0" tests="3" name="testCases.TC005_HealthInsurance" time="46.757" errors="0" timestamp="2024-03-10T12:08:40 IST" skipped="0">
  <testcase classname="testCases.TC005_HealthInsurance" name="testHealthInsurance" time="30.971"/>
  <system-out/>
  <testcase classname="testCases.TC005_HealthInsurance" name="testWriteHealthInsuranceBrandName" time="15.458"/>
  <system-out/>
  <testcase classname="testCases.TC005_HealthInsurance" name="testWriteHealthInsurancePlan" time="0.328"/>
  <system-out/>
</testsuite> <!-- testCases.TC005_HealthInsurance -->
