<?xml version="1.0" encoding="UTF-8"?>
<!-- Generated by org.testng.reporters.JUnitReportReporter -->
<testsuite hostname="Anand" failures="0" tests="3" name="testCases.TC004_HealthInsurance" time="39.518" errors="0" timestamp="2024-02-25T15:04:34 IST" skipped="0">
  <testcase classname="testCases.TC004_HealthInsurance" name="testHealthInsurance" time="24.089"/>
  <system-out/>
  <testcase classname="testCases.TC004_HealthInsurance" name="testWriteHealthInsuranceBrandName" time="15.231"/>
  <system-out/>
  <testcase classname="testCases.TC004_HealthInsurance" name="testWriteHealthInsurancePlan" time="0.198"/>
  <system-out/>
</testsuite> <!-- testCases.TC004_HealthInsurance -->
