<?xml version="1.0" encoding="UTF-8"?>
<!-- Generated by org.testng.reporters.JUnitReportReporter -->
<testsuite hostname="Anand" failures="0" tests="3" name="testCases.TC004_HealthInsurance" time="62.007" errors="0" timestamp="2024-02-25T00:38:36 IST" skipped="0">
  <testcase classname="testCases.TC004_HealthInsurance" name="testHealthInsurance" time="34.810"/>
  <system-out/>
  <testcase classname="testCases.TC004_HealthInsurance" name="writeHealthInsuranceBrandName" time="26.961"/>
  <system-out/>
  <testcase classname="testCases.TC004_HealthInsurance" name="writeHealthInsurancePlan" time="0.236"/>
  <system-out/>
</testsuite> <!-- testCases.TC004_HealthInsurance -->
