<?xml version="1.0" encoding="UTF-8"?>
<!-- Generated by org.testng.reporters.JUnitReportReporter -->
<testsuite hostname="Anand" failures="0" tests="1" name="testCases.TC004_UsedCarDetails" time="113.357" errors="0" timestamp="2024-02-25T00:03:11 IST" skipped="0">
  <testcase classname="testCases.TC004_UsedCarDetails" name="testUsedCars" time="113.357"/>
  <system-out/>
</testsuite> <!-- testCases.TC004_UsedCarDetails -->
