<?xml version="1.0" encoding="UTF-8"?>
<!-- Generated by org.testng.reporters.JUnitReportReporter -->
<testsuite hostname="Anand" failures="0" tests="6" name="testCases.TC004_HealthInsurance" time="80.999" errors="0" timestamp="2024-02-25T19:10:07 IST" skipped="0">
  <testcase classname="testCases.TC004_HealthInsurance" name="testHealthInsurance" time="25.151"/>
  <system-out/>
  <testcase classname="testCases.TC004_HealthInsurance" name="testHealthInsurance" time="24.277"/>
  <system-out/>
  <testcase classname="testCases.TC004_HealthInsurance" name="testWriteHealthInsuranceBrandName" time="15.387"/>
  <system-out/>
  <testcase classname="testCases.TC004_HealthInsurance" name="testWriteHealthInsuranceBrandName" time="15.551"/>
  <system-out/>
  <testcase classname="testCases.TC004_HealthInsurance" name="testWriteHealthInsurancePlan" time="0.376"/>
  <system-out/>
  <testcase classname="testCases.TC004_HealthInsurance" name="testWriteHealthInsurancePlan" time="0.257"/>
  <system-out/>
</testsuite> <!-- testCases.TC004_HealthInsurance -->
