<?xml version="1.0" encoding="UTF-8"?>
<!-- Generated by org.testng.reporters.JUnitReportReporter -->
<testsuite hostname="Anand" failures="0" tests="3" name="testCases.TC004_UsedCarDetails" time="118.406" errors="0" timestamp="2024-03-10T12:08:40 IST" skipped="0">
  <testcase classname="testCases.TC004_UsedCarDetails" name="testUsedCars" time="4.927"/>
  <system-out/>
  <testcase classname="testCases.TC004_UsedCarDetails" name="testWritePopularCarModel" time="0.161"/>
  <system-out/>
  <testcase classname="testCases.TC004_UsedCarDetails" name="testWriteAllPopularCarModelDetails" time="113.318"/>
  <system-out/>
</testsuite> <!-- testCases.TC004_UsedCarDetails -->
