<?xml version="1.0" encoding="UTF-8"?>
<!-- Generated by org.testng.reporters.JUnitReportReporter -->
<testsuite hostname="Anand" failures="0" tests="4" name="testCases.TC003_CarDetails" time="10.621" errors="0" timestamp="2024-02-25T19:10:07 IST" skipped="0">
  <testcase classname="testCases.TC003_CarDetails" name="testCarDetails" time="3.850"/>
  <system-out/>
  <testcase classname="testCases.TC003_CarDetails" name="testCarDetails" time="4.317"/>
  <system-out/>
  <testcase classname="testCases.TC003_CarDetails" name="testWriteCarDetails" time="1.179"/>
  <system-out/>
  <testcase classname="testCases.TC003_CarDetails" name="testWriteCarDetails" time="1.275"/>
  <system-out/>
</testsuite> <!-- testCases.TC003_CarDetails -->
