<?xml version="1.0" encoding="UTF-8"?>
<!-- Generated by org.testng.reporters.JUnitReportReporter -->
<testsuite hostname="Anand" failures="0" tests="4" name="testCases.TC002_BikeDetails" time="16.516" errors="0" timestamp="2024-02-25T19:10:07 IST" skipped="0">
  <testcase classname="testCases.TC002_BikeDetails" name="testBikeDetails" time="2.982"/>
  <system-out/>
  <testcase classname="testCases.TC002_BikeDetails" name="testBikeDetails" time="7.251"/>
  <system-out/>
  <testcase classname="testCases.TC002_BikeDetails" name="testWriteBikeDetails" time="0.931"/>
  <system-out/>
  <testcase classname="testCases.TC002_BikeDetails" name="testWriteBikeDetails" time="5.352"/>
  <system-out/>
</testsuite> <!-- testCases.TC002_BikeDetails -->
