<?xml version="1.0" encoding="UTF-8"?>
<!-- Generated by org.testng.reporters.JUnitReportReporter -->
<testsuite hostname="Anand" failures="0" tests="2" name="testCases.TC003_CarDetails" time="4.706" errors="0" timestamp="2024-03-10T12:08:40 IST" skipped="0">
  <testcase classname="testCases.TC003_CarDetails" name="testCarDetails" time="3.714"/>
  <system-out/>
  <testcase classname="testCases.TC003_CarDetails" name="testWriteCarDetails" time="0.992"/>
  <system-out/>
</testsuite> <!-- testCases.TC003_CarDetails -->
