<?xml version="1.0" encoding="UTF-8"?>
<!-- Generated by org.testng.reporters.JUnitReportReporter -->
<testsuite hostname="Anand" failures="0" tests="3" name="testCases.TC005_UsedCarDetails" time="207.215" errors="0" timestamp="2024-02-25T12:39:15 IST" skipped="0">
  <testcase classname="testCases.TC005_UsedCarDetails" name="testUsedCars" time="4.777"/>
  <system-out/>
  <testcase classname="testCases.TC005_UsedCarDetails" name="testWritePopularCarModel" time="3.039"/>
  <system-out/>
  <testcase classname="testCases.TC005_UsedCarDetails" name="testWriteAllPopularCarModelDetails" time="199.399"/>
  <system-out/>
</testsuite> <!-- testCases.TC005_UsedCarDetails -->
