<?xml version="1.0" encoding="UTF-8"?>
<!-- Generated by org.testng.reporters.JUnitReportReporter -->
<testsuite hostname="LTIN271927" failures="0" tests="3" name="testCases.TC004_UsedCarDetails" time="164.686" errors="0" timestamp="2024-02-29T17:54:11 IST" skipped="0">
  <testcase classname="testCases.TC004_UsedCarDetails" name="testUsedCars" time="9.794"/>
  <testcase classname="testCases.TC004_UsedCarDetails" name="testWritePopularCarModel" time="3.594"/>
  <testcase classname="testCases.TC004_UsedCarDetails" name="testWriteAllPopularCarModelDetails" time="151.298"/>
</testsuite> <!-- testCases.TC004_UsedCarDetails -->
