<?xml version="1.0" encoding="UTF-8"?>
<!-- Generated by org.testng.reporters.JUnitReportReporter -->
<testsuite hostname="LTIN271927" failures="0" tests="1" name="testCases.TC004_UsedCarDetails" time="8.400" errors="0" timestamp="2024-02-28T14:46:14 IST" skipped="0">
  <testcase classname="testCases.TC004_UsedCarDetails" name="smokePopularCarModel" time="8.400"/>
</testsuite> <!-- testCases.TC004_UsedCarDetails -->
