<?xml version="1.0" encoding="UTF-8"?>
<!-- Generated by org.testng.reporters.JUnitReportReporter -->
<testsuite hostname="Anand" failures="0" tests="3" name="testCases.TC005_UsedCarDetails" time="109.491" errors="0" timestamp="2024-02-25T15:04:34 IST" skipped="0">
  <testcase classname="testCases.TC005_UsedCarDetails" name="testUsedCars" time="4.032"/>
  <system-out/>
  <testcase classname="testCases.TC005_UsedCarDetails" name="testWritePopularCarModel" time="0.116"/>
  <system-out/>
  <testcase classname="testCases.TC005_UsedCarDetails" name="testWriteAllPopularCarModelDetails" time="105.343"/>
  <system-out/>
</testsuite> <!-- testCases.TC005_UsedCarDetails -->
