<?xml version="1.0" encoding="UTF-8"?>
<!-- Generated by org.testng.reporters.JUnitReportReporter -->
<testsuite hostname="LTIN271927" failures="0" tests="2" name="testCases.TC003_CarDetails" time="34.657" errors="0" timestamp="2024-03-01T15:16:12 IST" skipped="0">
  <testcase classname="testCases.TC003_CarDetails" name="testCarDetails" time="32.449"/>
  <testcase classname="testCases.TC003_CarDetails" name="testWriteCarDetails" time="2.208"/>
</testsuite> <!-- testCases.TC003_CarDetails -->
