<?xml version="1.0" encoding="UTF-8"?>
<!-- Generated by org.testng.reporters.JUnitReportReporter -->
<testsuite hostname="LTIN271927" failures="0" tests="2" name="testCases.TC002_BikeDetails" time="50.195" errors="0" timestamp="2024-02-27T16:59:49 IST" skipped="0">
  <testcase classname="testCases.TC002_BikeDetails" name="testBikeDetails" time="46.034"/>
  <testcase classname="testCases.TC002_BikeDetails" name="testWriteBikeDetails" time="4.161"/>
</testsuite> <!-- testCases.TC002_BikeDetails -->
