<?xml version="1.0" encoding="UTF-8"?>
<!-- Generated by org.testng.reporters.JUnitReportReporter -->
<testsuite hostname="LTIN271927" failures="0" tests="2" name="testCases.TC002_BikeDetails" time="18.543" errors="0" timestamp="2024-02-29T17:43:23 IST" skipped="0">
  <testcase classname="testCases.TC002_BikeDetails" name="testBikeDetails" time="13.084"/>
  <testcase classname="testCases.TC002_BikeDetails" name="testWriteBikeDetails" time="5.459"/>
</testsuite> <!-- testCases.TC002_BikeDetails -->
