<?xml version="1.0" encoding="UTF-8"?>
<!-- Generated by org.testng.reporters.JUnitReportReporter -->
<testsuite hostname="LTIN271927" failures="0" tests="3" name="testCases.TC004_UsedCarDetails" time="146.767" errors="0" timestamp="2024-03-01T15:16:12 IST" skipped="0">
  <testcase classname="testCases.TC004_UsedCarDetails" name="testUsedCars" time="29.684"/>
  <testcase classname="testCases.TC004_UsedCarDetails" name="testWritePopularCarModel" time="0.294"/>
  <testcase classname="testCases.TC004_UsedCarDetails" name="testWriteAllPopularCarModelDetails" time="116.789"/>
</testsuite> <!-- testCases.TC004_UsedCarDetails -->
