<?xml version="1.0" encoding="UTF-8"?>
<!-- Generated by org.testng.reporters.JUnitReportReporter -->
<testsuite hostname="Anand" failures="0" tests="1" name="testCases.TC005_InvalidGoogleLogin" time="5.141" errors="0" timestamp="2024-02-25T00:11:32 IST" skipped="0">
  <testcase classname="testCases.TC005_InvalidGoogleLogin" name="testInvalidGoogleLogin" time="5.141"/>
  <system-out/>
</testsuite> <!-- testCases.TC005_InvalidGoogleLogin -->
