<?xml version="1.0" encoding="UTF-8"?>
<!-- Generated by org.testng.reporters.JUnitReportReporter -->
<testsuite hostname="LTIN271927" failures="0" tests="3" name="testCases.TC005_HealthInsurance" time="75.622" errors="0" timestamp="2024-03-01T15:16:12 IST" skipped="0">
  <testcase classname="testCases.TC005_HealthInsurance" name="testHealthInsurance" time="59.300"/>
  <testcase classname="testCases.TC005_HealthInsurance" name="testWriteHealthInsuranceBrandName" time="15.675"/>
  <testcase classname="testCases.TC005_HealthInsurance" name="testWriteHealthInsurancePlan" time="0.647"/>
</testsuite> <!-- testCases.TC005_HealthInsurance -->
