<?xml version="1.0" encoding="UTF-8"?>
<!-- Generated by org.testng.reporters.JUnitReportReporter -->
<testsuite hostname="LTIN271927" failures="0" tests="3" name="testCases.TC004_UsedCarDetails" time="154.307" errors="0" timestamp="2024-02-27T16:59:49 IST" skipped="0">
  <testcase classname="testCases.TC004_UsedCarDetails" name="testUsedCars" time="37.736"/>
  <testcase classname="testCases.TC004_UsedCarDetails" name="testWritePopularCarModel" time="0.345"/>
  <testcase classname="testCases.TC004_UsedCarDetails" name="testWriteAllPopularCarModelDetails" time="116.226"/>
</testsuite> <!-- testCases.TC004_UsedCarDetails -->
