<?xml version="1.0" encoding="UTF-8"?>
<!-- Generated by org.testng.reporters.JUnitReportReporter -->
<testsuite hostname="Anand" failures="0" tests="1" name="testCases.TC001_BikeDetails" time="9.334" errors="0" timestamp="2024-02-24T22:01:47 IST" skipped="0">
  <testcase classname="testCases.TC001_BikeDetails" name="testBikeDetails" time="9.334"/>
  <system-out/>
</testsuite> <!-- testCases.TC001_BikeDetails -->
