<?xml version="1.0" encoding="UTF-8"?>
<!-- Generated by org.testng.reporters.JUnitReportReporter -->
<testsuite hostname="Anand" failures="0" tests="2" name="testCases.TC002_BikeDetails" time="6.135" errors="0" timestamp="2024-02-25T15:04:34 IST" skipped="0">
  <testcase classname="testCases.TC002_BikeDetails" name="testBikeDetails" time="3.064"/>
  <system-out/>
  <testcase classname="testCases.TC002_BikeDetails" name="testWriteBikeDetails" time="3.071"/>
  <system-out/>
</testsuite> <!-- testCases.TC002_BikeDetails -->
