<?xml version="1.0" encoding="UTF-8"?>
<!-- Generated by org.testng.reporters.JUnitReportReporter -->
<testsuite hostname="Anand" failures="0" tests="1" name="testCases.TC002_CarDetails" time="8.779" errors="0" timestamp="2024-02-24T22:33:21 IST" skipped="0">
  <testcase classname="testCases.TC002_CarDetails" name="testCarDetails" time="8.779"/>
  <system-out/>
</testsuite> <!-- testCases.TC002_CarDetails -->
