<?xml version="1.0" encoding="UTF-8"?>
<!-- Generated by org.testng.reporters.JUnitReportReporter -->
<testsuite hostname="LTIN271927" failures="0" tests="2" name="testCases.TC003_CarDetails" time="14.335" errors="0" timestamp="2024-03-10T11:12:21 IST" skipped="0">
  <testcase classname="testCases.TC003_CarDetails" name="testCarDetails" time="12.378"/>
  <testcase classname="testCases.TC003_CarDetails" name="testWriteCarDetails" time="1.957"/>
</testsuite> <!-- testCases.TC003_CarDetails -->
