<?xml version="1.0" encoding="UTF-8"?>
<!-- Generated by org.testng.reporters.JUnitReportReporter -->
<testsuite hostname="Anand" failures="0" tests="3" name="testCases.TC005_UsedCarDetails" time="279.019" errors="0" timestamp="2024-02-25T00:57:10 IST" skipped="0">
  <testcase classname="testCases.TC005_UsedCarDetails" name="testUsedCars" time="143.947"/>
  <system-out/>
  <testcase classname="testCases.TC005_UsedCarDetails" name="testWritePopularCarModel" time="2.031"/>
  <system-out/>
  <testcase classname="testCases.TC005_UsedCarDetails" name="testWriteAllPopularCarModelDetails" time="133.041"/>
  <system-out/>
</testsuite> <!-- testCases.TC005_UsedCarDetails -->
