<?xml version="1.0" encoding="UTF-8"?>
<!-- Generated by org.testng.reporters.JUnitReportReporter -->
<testsuite hostname="Anand" failures="0" tests="1" name="testCases.TC001_InvalidGoogleLogin" time="4.922" errors="0" timestamp="2024-03-10T12:08:40 IST" skipped="0">
  <testcase classname="testCases.TC001_InvalidGoogleLogin" name="testInvalidGoogleLogin" time="4.922"/>
  <system-out/>
</testsuite> <!-- testCases.TC001_InvalidGoogleLogin -->
