<?xml version="1.0" encoding="UTF-8"?>
<!-- Generated by org.testng.reporters.JUnitReportReporter -->
<testsuite hostname="Anand" failures="0" tests="1" name="testng_project.IdentifyNewBikes" time="3.123" errors="0" timestamp="2024-02-24T19:35:18 IST" skipped="0">
  <testcase classname="testng_project.IdentifyNewBikes" name="f" time="3.123"/>
  <system-out/>
</testsuite> <!-- testng_project.IdentifyNewBikes -->
