<?xml version="1.0" encoding="UTF-8"?>
<!-- Generated by org.testng.reporters.JUnitReportReporter -->
<testsuite hostname="LTIN271927" failures="0" tests="1" name="testCases.TC001_InvalidGoogleLogin" time="7.733" errors="0" timestamp="2024-02-29T17:43:23 IST" skipped="0">
  <testcase classname="testCases.TC001_InvalidGoogleLogin" name="testInvalidGoogleLogin" time="7.733"/>
</testsuite> <!-- testCases.TC001_InvalidGoogleLogin -->
