<?xml version="1.0" encoding="UTF-8"?>
<!-- Generated by org.testng.reporters.JUnitReportReporter -->
<testsuite hostname="LTIN271927" failures="0" tests="2" name="testCases.TC002_BikeDetails" time="14.807" errors="0" timestamp="2024-03-10T11:12:21 IST" skipped="0">
  <testcase classname="testCases.TC002_BikeDetails" name="testBikeDetails" time="10.312"/>
  <testcase classname="testCases.TC002_BikeDetails" name="testWriteBikeDetails" time="4.495"/>
</testsuite> <!-- testCases.TC002_BikeDetails -->
