<?xml version="1.0" encoding="UTF-8"?>
<!-- Generated by org.testng.reporters.JUnitReportReporter -->
<testsuite hostname="LTIN271927" failures="0" tests="2" name="testCases.TC003_CarDetails" time="12.315" errors="0" timestamp="2024-02-27T16:59:49 IST" skipped="0">
  <testcase classname="testCases.TC003_CarDetails" name="testCarDetails" time="10.175"/>
  <testcase classname="testCases.TC003_CarDetails" name="testWriteCarDetails" time="2.140"/>
</testsuite> <!-- testCases.TC003_CarDetails -->
