<?xml version="1.0" encoding="UTF-8"?>
<!-- Generated by org.testng.reporters.JUnitReportReporter -->
<testsuite hostname="Anand" failures="0" tests="2" name="testCases.TC002_BikeDetails" time="8.119" errors="0" timestamp="2024-02-25T00:31:00 IST" skipped="0">
  <testcase classname="testCases.TC002_BikeDetails" name="testBikeDetails" time="4.855"/>
  <system-out/>
  <testcase classname="testCases.TC002_BikeDetails" name="writeBikeDetails" time="3.264"/>
  <system-out/>
</testsuite> <!-- testCases.TC002_BikeDetails -->
