<?xml version="1.0" encoding="UTF-8"?>
<!-- Generated by org.testng.reporters.JUnitReportReporter -->
<testsuite hostname="Anand" failures="0" tests="2" name="testCases.TC002_BikeDetails" time="7.779" errors="0" timestamp="2024-02-25T12:25:07 IST" skipped="0">
  <testcase classname="testCases.TC002_BikeDetails" name="testBikeDetails" time="3.832"/>
  <system-out/>
  <testcase classname="testCases.TC002_BikeDetails" name="testWriteBikeDetails" time="3.947"/>
  <system-out/>
</testsuite> <!-- testCases.TC002_BikeDetails -->
