<?xml version="1.0" encoding="UTF-8"?>
<!-- Generated by org.testng.reporters.JUnitReportReporter -->
<testsuite hostname="Anand" failures="0" tests="1" name="testCases.TC003_HealthInsurance" time="40.591" errors="0" timestamp="2024-02-24T22:37:26 IST" skipped="0">
  <testcase classname="testCases.TC003_HealthInsurance" name="testHealthInsurance" time="40.591"/>
  <system-out/>
</testsuite> <!-- testCases.TC003_HealthInsurance -->
