<?xml version="1.0" encoding="UTF-8"?>
<!-- Generated by org.testng.reporters.JUnitReportReporter -->
<testsuite hostname="Anand" failures="0" tests="2" name="testCases.TC001_InvalidGoogleLogin" time="9.721" errors="0" timestamp="2024-02-25T19:10:07 IST" skipped="0">
  <testcase classname="testCases.TC001_InvalidGoogleLogin" name="testInvalidGoogleLogin" time="4.467"/>
  <system-out/>
  <testcase classname="testCases.TC001_InvalidGoogleLogin" name="testInvalidGoogleLogin" time="5.254"/>
  <system-out/>
</testsuite> <!-- testCases.TC001_InvalidGoogleLogin -->
