<?xml version="1.0" encoding="UTF-8"?>
<!-- Generated by org.testng.reporters.JUnitReportReporter -->
<testsuite hostname="Anand" failures="0" tests="2" name="testCases.TC002_BikeDetails" time="7.003" errors="0" timestamp="2024-02-25T14:51:30 IST" skipped="0">
  <testcase classname="testCases.TC002_BikeDetails" name="testBikeDetails" time="3.358"/>
  <testcase classname="testCases.TC002_BikeDetails" name="testWriteBikeDetails" time="3.645"/>
</testsuite> <!-- testCases.TC002_BikeDetails -->
