<?xml version="1.0" encoding="UTF-8"?>
<!-- Generated by org.testng.reporters.JUnitReportReporter -->
<testsuite hostname="Anand" failures="0" tests="2" name="testCases.TC003_CarDetails" time="6.013" errors="0" timestamp="2024-02-25T14:51:30 IST" skipped="0">
  <testcase classname="testCases.TC003_CarDetails" name="testCarDetails" time="4.918"/>
  <testcase classname="testCases.TC003_CarDetails" name="testWriteCarDetails" time="1.095"/>
</testsuite> <!-- testCases.TC003_CarDetails -->
