<?xml version="1.0" encoding="UTF-8"?>
<!-- Generated by org.testng.reporters.JUnitReportReporter -->
<testsuite hostname="Anand" failures="0" tests="1" name="testCases.TC001_InvalidGoogleLogin" time="3.690" errors="0" timestamp="2024-02-25T14:51:30 IST" skipped="0">
  <testcase classname="testCases.TC001_InvalidGoogleLogin" name="testInvalidGoogleLogin" time="3.690"/>
</testsuite> <!-- testCases.TC001_InvalidGoogleLogin -->
