<?xml version="1.0" encoding="UTF-8"?>
<!-- Generated by org.testng.reporters.JUnitReportReporter -->
<testsuite hostname="Anand" failures="0" tests="1" name="testCases.TC001_InvalidGoogleLogin" time="4.104" errors="0" timestamp="2024-02-25T15:23:47 IST" skipped="0">
  <testcase classname="testCases.TC001_InvalidGoogleLogin" name="testInvalidGoogleLogin" time="4.104"/>
</testsuite> <!-- testCases.TC001_InvalidGoogleLogin -->
